<?xml version="1.0" encoding="UTF-8"?>
<!-- Generated by org.testng.reporters.JUnitReportReporter -->
<testsuite hostname="DESKTOP-4QRM3SS" failures="0" tests="1" name="com.testautomation.api.GetApiRequest" time="0.904" errors="0" timestamp="2023-07-28T13:20:33 IST" skipped="0">
  <testcase classname="com.testautomation.api.GetApiRequest" name="creatcity" time="0.904"/>
</testsuite> <!-- com.testautomation.api.GetApiRequest -->
